Unity Editor version:    2020.3.37f1 (8c66806a0c04)
Branch:                  2020.3/staging
Build type:              Release
Batch mode:              YES
macOS version:           Version 12.3.1 (Build 21E258)
Darwin version:          21.4.0
Architecture:            x86_64
Running under Rosetta:   NO
Available memory:        16384 MB
Using pre-set license
Pro License: NO

COMMAND LINE ARGUMENTS:
/Applications/Unity/Hub/Editor/2020.3.37f1/Unity.app/Contents/MacOS/Unity
-adb2
-batchMode
-noUpm
-name
AssetImportWorker0
-projectPath
/Users/badrdouah/Desktop/NucleCloudUnity3D/Nucle.Cloud
-logFile
Logs/AssetImportWorker0.log
-srvPort
52058
Successfully changed project path to: /Users/badrdouah/Desktop/NucleCloudUnity3D/Nucle.Cloud
/Users/badrdouah/Desktop/NucleCloudUnity3D/Nucle.Cloud
Using Asset Import Pipeline V2.
Refreshing native plugins compatible for Editor in 30.18 ms, found 1 plugins.
Preloading 0 native plugins for Editor in 0.00 ms.
Initialize engine version: 2020.3.37f1 (8c66806a0c04)
[Subsystems] Discovering subsystems at path /Applications/Unity/Hub/Editor/2020.3.37f1/Unity.app/Contents/Resources/UnitySubsystems
[Subsystems] Discovering subsystems at path /Users/badrdouah/Desktop/NucleCloudUnity3D/Nucle.Cloud/Assets
GfxDevice: creating device client; threaded=0
2022-09-16 00:54:36.978 Unity[22801:286789] Color LCD preferred device: Intel Iris Pro Graphics (low power)
2022-09-16 00:54:36.978 Unity[22801:286789] Metal devices available: 1
2022-09-16 00:54:36.978 Unity[22801:286789] 0: Intel Iris Pro Graphics (low power)
2022-09-16 00:54:36.978 Unity[22801:286789] Using device Intel Iris Pro Graphics (low power)
Initializing Metal device caps: Intel Iris Pro Graphics
Initialize mono
Mono path[0] = '/Applications/Unity/Hub/Editor/2020.3.37f1/Unity.app/Contents/Managed'
Mono path[1] = '/Applications/Unity/Hub/Editor/2020.3.37f1/Unity.app/Contents/MonoBleedingEdge/lib/mono/unityjit'
Mono config path = '/Applications/Unity/Hub/Editor/2020.3.37f1/Unity.app/Contents/MonoBleedingEdge/etc'
Using monoOptions --debugger-agent=transport=dt_socket,embedding=1,server=y,suspend=n,address=127.0.0.1:56801
Begin MonoManager ReloadAssembly
Registering precompiled unity dll's ...
Register platform support module: /Applications/Unity/Hub/Editor/2020.3.37f1/Unity.app/Contents/PlaybackEngines/MacStandaloneSupport/UnityEditor.OSXStandalone.Extensions.dll
Registered in 0.003106 seconds.
Native extension for OSXStandalone target not found
Refreshing native plugins compatible for Editor in 26.04 ms, found 1 plugins.
Preloading 0 native plugins for Editor in 0.00 ms.
Mono: successfully reloaded assembly
- Completed reload, in  0.868 seconds
Domain Reload Profiling:
	ReloadAssembly (868ms)
		BeginReloadAssembly (98ms)
			ExecutionOrderSort (0ms)
			DisableScriptedObjects (0ms)
			BackupInstance (0ms)
			ReleaseScriptingObjects (0ms)
			CreateAndSetChildDomain (1ms)
		EndReloadAssembly (670ms)
			LoadAssemblies (99ms)
			RebuildTransferFunctionScriptingTraits (0ms)
			SetupTypeCache (248ms)
			ReleaseScriptCaches (0ms)
			RebuildScriptCaches (61ms)
			SetupLoadedEditorAssemblies (234ms)
				LogAssemblyErrors (0ms)
				InitializePlatformSupportModulesInManaged (7ms)
				SetLoadedEditorAssemblies (0ms)
				RefreshPlugins (26ms)
				BeforeProcessingInitializeOnLoad (29ms)
				ProcessInitializeOnLoadAttributes (132ms)
				ProcessInitializeOnLoadMethodAttributes (41ms)
				AfterProcessingInitializeOnLoad (0ms)
				EditorAssembliesLoaded (0ms)
			ExecutionOrderSort2 (0ms)
			AwakeInstancesAfterBackupRestoration (0ms)
Platform modules already initialized, skipping
Registering precompiled user dll's ...
Registered in 0.002195 seconds.
Begin MonoManager ReloadAssembly
Native extension for OSXStandalone target not found
Refreshing native plugins compatible for Editor in 0.16 ms, found 1 plugins.
Preloading 0 native plugins for Editor in 0.00 ms.
Mono: successfully reloaded assembly
- Completed reload, in  1.020 seconds
Domain Reload Profiling:
	ReloadAssembly (1021ms)
		BeginReloadAssembly (187ms)
			ExecutionOrderSort (0ms)
			DisableScriptedObjects (6ms)
			BackupInstance (0ms)
			ReleaseScriptingObjects (0ms)
			CreateAndSetChildDomain (32ms)
		EndReloadAssembly (758ms)
			LoadAssemblies (86ms)
			RebuildTransferFunctionScriptingTraits (0ms)
			SetupTypeCache (255ms)
			ReleaseScriptCaches (0ms)
			RebuildScriptCaches (51ms)
			SetupLoadedEditorAssemblies (235ms)
				LogAssemblyErrors (0ms)
				InitializePlatformSupportModulesInManaged (5ms)
				SetLoadedEditorAssemblies (1ms)
				RefreshPlugins (0ms)
				BeforeProcessingInitializeOnLoad (77ms)
				ProcessInitializeOnLoadAttributes (137ms)
				ProcessInitializeOnLoadMethodAttributes (14ms)
				AfterProcessingInitializeOnLoad (1ms)
				EditorAssembliesLoaded (0ms)
			ExecutionOrderSort2 (0ms)
			AwakeInstancesAfterBackupRestoration (3ms)
Platform modules already initialized, skipping
Validating Project structure ... 0.004156 seconds.
Shader import version has changed; will reimport all shaders...
Upgrading shader files ...0.001290 seconds.
Application.AssetDatabase Initial Script Refresh Start
RefreshInfo: InitialScriptRefreshV2(NoUpdateAssetOptions) scanfilter:  ... 1 filters
RefreshProfiler: Total: 0.000ms
Application.AssetDatabase Initial Script Refresh End
Application.AssetDatabase.Refresh Start
Application.AssetDatabase.Refresh End
RefreshInfo: StopAssetImportingV2(ForceSynchronousImport) scanfilter: 
RefreshProfiler: Total: 0.000ms
Launching external process: /Applications/Unity/Hub/Editor/2020.3.37f1/Unity.app/Contents/Tools/UnityShaderCompiler
Launched and connected shader compiler UnityShaderCompiler after 0.02 seconds
Initializing Unity extensions:
========================================================================
Worker process is ready to serve import requests
Refreshing native plugins compatible for Editor in 0.12 ms, found 1 plugins.
Preloading 0 native plugins for Editor in 0.00 ms.
Unloading 633 Unused Serialized files (Serialized files now loaded: 0)
System memory in use before: 129.1 MB.
System memory in use after: 128.2 MB.

Unloading 68 unused Assets to reduce memory usage. Loaded Objects now: 1112.
Total: 4.047586 ms (FindLiveObjects: 0.083634 ms CreateObjectMapping: 0.024033 ms MarkObjects: 3.292724 ms  DeleteObjects: 0.645992 ms)

AssetImportParameters requested are different than current active one (requested -> active):
  custom:video-decoder-ogg-theora: a1e56fd34408186e4bbccfd4996cb3dc -> 
  custom:container-muxer-webm: aa71ff27fc2769a1b78a27578f13a17b -> 
  custom:container-demuxer-webm: 4f35f7cbe854078d1ac9338744f61a02 -> 
  custom:container-demuxer-ogg: 62fdf1f143b41e24485cea50d1cbac27 -> 
  custom:video-encoder-webm-vp8: eb34c28f22e8b96e1ab97ce403110664 -> 
  custom:framework-osx-AVFoundation: e770b220cccbd017edd2c1fefb359320 -> 
  custom:video-decoder-webm-vp8: 9c59270c3fd7afecdb556c50c9e8de78 -> 
  custom:audio-decoder-ogg-vorbis: bf7c407c2cedff20999df2af8eb42d56 -> 
  custom:audio-encoder-webm-vorbis: bf7c407c2cedff20999df2af8eb42d56 -> 
========================================================================
Received Import Request.
  path: Assets/NucleCloud/Demo/Scripts/UI/HomeUI.cs
  artifactKey: Guid(f4dfa54cfd001445abdab181e9abe0dd) Importer(815301076,1909f56bfc062723c751e8b465ee728b)
Start importing Assets/NucleCloud/Demo/Scripts/UI/HomeUI.cs using Guid(f4dfa54cfd001445abdab181e9abe0dd) Importer(815301076,1909f56bfc062723c751e8b465ee728b)  -> (artifact id: 'd3bbb9a72a85705114efed3036eff062') in 0.450465 seconds 
========================================================================
Received Import Request.
  Time since last request: 29.155443 seconds.
  path: Assets/NucleCloud/Demo/Scripts/UI/LeaderboardUI.cs
  artifactKey: Guid(c0499238b6c6e4b73843a58f76beae56) Importer(815301076,1909f56bfc062723c751e8b465ee728b)
Start importing Assets/NucleCloud/Demo/Scripts/UI/LeaderboardUI.cs using Guid(c0499238b6c6e4b73843a58f76beae56) Importer(815301076,1909f56bfc062723c751e8b465ee728b)  -> (artifact id: '36040a30b6c4523e39744b6417336360') in 0.003039 seconds 
========================================================================
Received Import Request.
  Time since last request: 56.559905 seconds.
  path: Assets/NucleCloud/Demo/Scripts/UI/SignInUI.cs
  artifactKey: Guid(77c8d89fe899d49f980ae370d9155b6c) Importer(815301076,1909f56bfc062723c751e8b465ee728b)
Start importing Assets/NucleCloud/Demo/Scripts/UI/SignInUI.cs using Guid(77c8d89fe899d49f980ae370d9155b6c) Importer(815301076,1909f56bfc062723c751e8b465ee728b)  -> (artifact id: 'b50c7d5c790470c56849e7ef1c5b21a4') in 0.002562 seconds 
========================================================================
Received Import Request.
  Time since last request: 8.228808 seconds.
  path: Assets/NucleCloud/Demo/Scripts/UI/SignUpUI.cs
  artifactKey: Guid(383c6b3d48dc44d9f8884a008c156f38) Importer(815301076,1909f56bfc062723c751e8b465ee728b)
Start importing Assets/NucleCloud/Demo/Scripts/UI/SignUpUI.cs using Guid(383c6b3d48dc44d9f8884a008c156f38) Importer(815301076,1909f56bfc062723c751e8b465ee728b)  -> (artifact id: 'd91b425a657a7c00cd2688f42bae44cf') in 0.002335 seconds 
========================================================================
Received Prepare
Registering precompiled user dll's ...
Registered in 0.000801 seconds.
Begin MonoManager ReloadAssembly
Native extension for OSXStandalone target not found
Refreshing native plugins compatible for Editor in 0.17 ms, found 1 plugins.
Preloading 0 native plugins for Editor in 0.00 ms.
Mono: successfully reloaded assembly
- Completed reload, in  1.012 seconds
Domain Reload Profiling:
	ReloadAssembly (1013ms)
		BeginReloadAssembly (112ms)
			ExecutionOrderSort (0ms)
			DisableScriptedObjects (6ms)
			BackupInstance (0ms)
			ReleaseScriptingObjects (0ms)
			CreateAndSetChildDomain (43ms)
		EndReloadAssembly (821ms)
			LoadAssemblies (82ms)
			RebuildTransferFunctionScriptingTraits (0ms)
			SetupTypeCache (277ms)
			ReleaseScriptCaches (0ms)
			RebuildScriptCaches (48ms)
			SetupLoadedEditorAssemblies (258ms)
				LogAssemblyErrors (0ms)
				InitializePlatformSupportModulesInManaged (5ms)
				SetLoadedEditorAssemblies (1ms)
				RefreshPlugins (0ms)
				BeforeProcessingInitializeOnLoad (110ms)
				ProcessInitializeOnLoadAttributes (127ms)
				ProcessInitializeOnLoadMethodAttributes (13ms)
				AfterProcessingInitializeOnLoad (1ms)
				EditorAssembliesLoaded (0ms)
			ExecutionOrderSort2 (0ms)
			AwakeInstancesAfterBackupRestoration (2ms)
Platform modules already initialized, skipping
Switching build target platform(2) subTarget(0) extendedPlatform(0) -> platform(9) subTarget(16777218) extendedPlatform(0)
Refreshing native plugins compatible for Editor in 0.18 ms, found 1 plugins.
Preloading 0 native plugins for Editor in 0.00 ms.
Unloading 630 Unused Serialized files (Serialized files now loaded: 0)
System memory in use before: 131.5 MB.
System memory in use after: 131.6 MB.

Unloading 7 unused Assets to reduce memory usage. Loaded Objects now: 1116.
Total: 3.030533 ms (FindLiveObjects: 0.079682 ms CreateObjectMapping: 0.026093 ms MarkObjects: 2.902742 ms  DeleteObjects: 0.020822 ms)

AssetImportParameters requested are different than current active one (requested -> active):
  custom:video-decoder-ogg-theora: a1e56fd34408186e4bbccfd4996cb3dc -> 
  custom:container-muxer-webm: aa71ff27fc2769a1b78a27578f13a17b -> 
  custom:container-demuxer-webm: 4f35f7cbe854078d1ac9338744f61a02 -> 
  custom:container-demuxer-ogg: 62fdf1f143b41e24485cea50d1cbac27 -> 
  custom:video-encoder-webm-vp8: eb34c28f22e8b96e1ab97ce403110664 -> 
  custom:framework-osx-AVFoundation: e770b220cccbd017edd2c1fefb359320 -> 
  custom:video-decoder-webm-vp8: 9c59270c3fd7afecdb556c50c9e8de78 -> 
  custom:graphics/normal-map-encoding: 01000000000000000000000000000000 -> 02000000000000000000000000000000
  custom:audio-decoder-ogg-vorbis: bf7c407c2cedff20999df2af8eb42d56 -> 
  custom:audio-encoder-webm-vorbis: bf7c407c2cedff20999df2af8eb42d56 -> 
========================================================================
Received Import Request.
  Time since last request: 83.091877 seconds.
  path: Assets/NucleCloud/Resources/Nucle.asset
  artifactKey: Guid(0aad6b5bc03474584a73f38c101b3832) Importer(815301076,1909f56bfc062723c751e8b465ee728b)
Start importing Assets/NucleCloud/Resources/Nucle.asset using Guid(0aad6b5bc03474584a73f38c101b3832) Importer(815301076,1909f56bfc062723c751e8b465ee728b)  -> (artifact id: 'f63e4aa3809ab50ef724e10ca97611bd') in 0.129028 seconds 
========================================================================
Received Import Request.
  Time since last request: 0.014660 seconds.
  path: Assets/NucleCloud/Demo/Scripts/UI/ForgetPasswordUI.cs
  artifactKey: Guid(7ea62253efaa240b7be46b5eb7326e87) Importer(815301076,1909f56bfc062723c751e8b465ee728b)
Start importing Assets/NucleCloud/Demo/Scripts/UI/ForgetPasswordUI.cs using Guid(7ea62253efaa240b7be46b5eb7326e87) Importer(815301076,1909f56bfc062723c751e8b465ee728b)  -> (artifact id: 'd0ab07bf95e985626d091c3af50451a8') in 0.002557 seconds 
========================================================================
Received Import Request.
  Time since last request: 0.007784 seconds.
  path: Assets/NucleCloud/Demo/Scripts/UI/HomeUI.cs
  artifactKey: Guid(f4dfa54cfd001445abdab181e9abe0dd) Importer(815301076,1909f56bfc062723c751e8b465ee728b)
Start importing Assets/NucleCloud/Demo/Scripts/UI/HomeUI.cs using Guid(f4dfa54cfd001445abdab181e9abe0dd) Importer(815301076,1909f56bfc062723c751e8b465ee728b)  -> (artifact id: 'bb3e1a29722fd3e52f31bd0351c6d7a2') in 0.001528 seconds 
========================================================================
Received Import Request.
  Time since last request: 0.002806 seconds.
  path: Assets/NucleCloud/Demo/Scripts/UI/SignInUI.cs
  artifactKey: Guid(77c8d89fe899d49f980ae370d9155b6c) Importer(815301076,1909f56bfc062723c751e8b465ee728b)
Start importing Assets/NucleCloud/Demo/Scripts/UI/SignInUI.cs using Guid(77c8d89fe899d49f980ae370d9155b6c) Importer(815301076,1909f56bfc062723c751e8b465ee728b)  -> (artifact id: 'c586e1957e512ad83f349e8243d68489') in 0.001723 seconds 
========================================================================
Received Import Request.
  Time since last request: 0.009418 seconds.
  path: Assets/NucleCloud/Demo/Scripts/Managers/GameManager.cs
  artifactKey: Guid(caacdc411483c4422a5ee8a2de915ef8) Importer(815301076,1909f56bfc062723c751e8b465ee728b)
Start importing Assets/NucleCloud/Demo/Scripts/Managers/GameManager.cs using Guid(caacdc411483c4422a5ee8a2de915ef8) Importer(815301076,1909f56bfc062723c751e8b465ee728b)  -> (artifact id: '3f3e1c60eb452c1fa769c13fa6cd6324') in 0.001609 seconds 
========================================================================
Received Import Request.
  Time since last request: 0.006093 seconds.
  path: Assets/NucleCloud/Demo/Scripts/UI/LeaderboardUI.cs
  artifactKey: Guid(c0499238b6c6e4b73843a58f76beae56) Importer(815301076,1909f56bfc062723c751e8b465ee728b)
Start importing Assets/NucleCloud/Demo/Scripts/UI/LeaderboardUI.cs using Guid(c0499238b6c6e4b73843a58f76beae56) Importer(815301076,1909f56bfc062723c751e8b465ee728b)  -> (artifact id: '3b1236aeea297538144b7d293c9ef0de') in 0.001590 seconds 
AssetImportWorkerClient::OnTransportError - code=2 error=End of file
